<?xml version="1.0" encoding="UTF-8"?>
<testsuite name="de.propra.web.UserControllerTest" tests="1" skipped="0" failures="0" errors="0" timestamp="2023-12-02T22:03:01" hostname="DESKTOP-U77NR89" time="0.456">
  <properties/>
  <testcase name="If Date-input is ignored, there will be suitable validation" classname="de.propra.web.UserControllerTest" time="0.456"/>
  <system-out><![CDATA[23:02:58.800 [Test worker] INFO org.springframework.test.context.support.AnnotationConfigContextLoaderUtils -- Could not detect default configuration classes for test class [de.propra.web.UserControllerTest]: UserControllerTest does not declare any static, non-private, non-final, nested classes annotated with @Configuration.
23:02:58.923 [Test worker] INFO org.springframework.boot.test.context.SpringBootTestContextBootstrapper -- Found @SpringBootConfiguration de.propra.RoomMateApplication for test class de.propra.web.UserControllerTest

  .   ____          _            __ _ _
 /\\ / ___'_ __ _ _(_)_ __  __ _ \ \ \ \
( ( )\___ | '_ | '_| | '_ \/ _` | \ \ \ \
 \\/  ___)| |_)| | | | | || (_| |  ) ) ) )
  '  |____| .__|_| |_|_| |_\__, | / / / /
 =========|_|==============|___/=/_/_/_/
 :: Spring Boot ::                (v3.2.0)

2023-12-02T23:02:59.224+01:00  INFO 26948 --- [    Test worker] de.propra.web.UserControllerTest         : Starting UserControllerTest using Java 19.0.1 with PID 26948 (started by morit in C:\Users\morit\Desktop\WiSe 2023_24\RoomMate)
2023-12-02T23:02:59.225+01:00  INFO 26948 --- [    Test worker] de.propra.web.UserControllerTest         : No active profile set, falling back to 1 default profile: "default"
2023-12-02T23:03:01.001+01:00  INFO 26948 --- [    Test worker] o.s.b.t.m.w.SpringBootMockServletContext : Initializing Spring TestDispatcherServlet ''
2023-12-02T23:03:01.002+01:00  INFO 26948 --- [    Test worker] o.s.t.web.servlet.TestDispatcherServlet  : Initializing Servlet ''
2023-12-02T23:03:01.005+01:00  INFO 26948 --- [    Test worker] o.s.t.web.servlet.TestDispatcherServlet  : Completed initialization in 1 ms
2023-12-02T23:03:01.037+01:00  INFO 26948 --- [    Test worker] de.propra.web.UserControllerTest         : Started UserControllerTest in 2.048 seconds (process running for 2.997)
]]></system-out>
  <system-err><![CDATA[]]></system-err>
</testsuite>
