<?xml version="1.0" encoding="UTF-8"?>
<testsuite name="de.propra.web.UserControllerTest" tests="6" skipped="0" failures="0" errors="0" timestamp="2023-12-04T01:06:54" hostname="DESKTOP-U77NR89" time="0.444">
  <properties/>
  <testcase name="URL 'roommate/user/start' is available and returns the expected view" classname="de.propra.web.UserControllerTest" time="0.278"/>
  <testcase name="URL 'roommate/user/bookings' is available and returns the expected view" classname="de.propra.web.UserControllerTest" time="0.011"/>
  <testcase name="URL 'roommate/user/bookings/new' is available and returns the expected view" classname="de.propra.web.UserControllerTest" time="0.064"/>
  <testcase name="All Parameters can be found and casted to the expected objects" classname="de.propra.web.UserControllerTest" time="0.01"/>
  <testcase name="If Date-input is ignored, there will be suitable validation" classname="de.propra.web.UserControllerTest" time="0.056"/>
  <testcase name="If Start-Date is after End-Date the Exception-Handler will be called" classname="de.propra.web.UserControllerTest" time="0.018"/>
  <system-out><![CDATA[02:06:52.640 [Test worker] INFO org.springframework.test.context.support.AnnotationConfigContextLoaderUtils -- Could not detect default configuration classes for test class [de.propra.web.UserControllerTest]: UserControllerTest does not declare any static, non-private, non-final, nested classes annotated with @Configuration.
02:06:52.784 [Test worker] INFO org.springframework.boot.test.context.SpringBootTestContextBootstrapper -- Found @SpringBootConfiguration de.propra.RoomMateApplication for test class de.propra.web.UserControllerTest

  .   ____          _            __ _ _
 /\\ / ___'_ __ _ _(_)_ __  __ _ \ \ \ \
( ( )\___ | '_ | '_| | '_ \/ _` | \ \ \ \
 \\/  ___)| |_)| | | | | || (_| |  ) ) ) )
  '  |____| .__|_| |_|_| |_\__, | / / / /
 =========|_|==============|___/=/_/_/_/
 :: Spring Boot ::                (v3.2.0)

2023-12-04T02:06:53.090+01:00  INFO 25196 --- [    Test worker] de.propra.web.UserControllerTest         : Starting UserControllerTest using Java 19.0.1 with PID 25196 (started by morit in C:\Users\morit\Desktop\WiSe 2023_24\RoomMate)
2023-12-04T02:06:53.091+01:00  INFO 25196 --- [    Test worker] de.propra.web.UserControllerTest         : No active profile set, falling back to 1 default profile: "default"
2023-12-04T02:06:54.227+01:00  INFO 25196 --- [    Test worker] o.s.b.t.m.w.SpringBootMockServletContext : Initializing Spring TestDispatcherServlet ''
2023-12-04T02:06:54.228+01:00  INFO 25196 --- [    Test worker] o.s.t.web.servlet.TestDispatcherServlet  : Initializing Servlet ''
2023-12-04T02:06:54.230+01:00  INFO 25196 --- [    Test worker] o.s.t.web.servlet.TestDispatcherServlet  : Completed initialization in 1 ms
2023-12-04T02:06:54.263+01:00  INFO 25196 --- [    Test worker] de.propra.web.UserControllerTest         : Started UserControllerTest in 1.424 seconds (process running for 3.387)
]]></system-out>
  <system-err><![CDATA[]]></system-err>
</testsuite>
